<?xml version="1.0" encoding="UTF-8"?>
<testsuite xmlns:xsi="http://www.w3.org/2001/XMLSchema-instance" xsi:noNamespaceSchemaLocation="https://maven.apache.org/surefire/maven-surefire-plugin/xsd/surefire-test-report-3.0.xsd" version="3.0" name="com.hackathon.pocketSIEM.PocketSiemApplicationTests" time="5.044" tests="1" errors="0" skipped="0" failures="0">
  <properties>
[...]
</properties>
  <testcase name="contextLoads" classname="com.hackathon.pocketSIEM.PocketSiemApplicationTests" time="0.323">
    <system-out><![CDATA[23:38:52.402 [main] INFO org.springframework.test.context.support.AnnotationConfigContextLoaderUtils -- Could not detect default configuration classes for test class [com.hackathon.pocketSIEM.PocketSiemApplicationTests]: PocketSiemApplicationTests does not declare any static, non-private, non-final, nested classes annotated with @Configuration.
23:38:52.445 [main] INFO org.springframework.boot.test.context.SpringBootTestContextBootstrapper -- Found @SpringBootConfiguration com.hackathon.pocketSIEM.PocketSiemApplication for test class com.hackathon.pocketSIEM.PocketSiemApplicationTests

  .   ____          _            __ _ _
 /\\ / ___'_ __ _ _(_)_ __  __ _ \ \ \ \
( ( )\___ | '_ | '_| | '_ \/ _` | \ \ \ \
 \\/  ___)| |_)| | | | | || (_| |  ) ) ) )
  '  |____| .__|_| |_|_| |_\__, | / / / /
 =========|_|==============|___/=/_/_/_/
 :: Spring Boot ::                (v3.2.0)

2025-12-26T23:38:52.662+05:30  INFO 79580 --- [pocketsiem-backend] [           main] c.h.p.PocketSiemApplicationTests         : Starting PocketSiemApplicationTests using Java 17.0.17 with PID 79580 (started by edith in /home/edith/Downloads/pocketSIEM/pocketSIEM)
2025-12-26T23:38:52.662+05:30 DEBUG 79580 --- [pocketsiem-backend] [           main] c.h.p.PocketSiemApplicationTests         : Running with Spring Boot v3.2.0, Spring v6.1.1
2025-12-26T23:38:52.663+05:30  INFO 79580 --- [pocketsiem-backend] [           main] c.h.p.PocketSiemApplicationTests         : No active profile set, falling back to 1 default profile: "default"
2025-12-26T23:38:53.357+05:30  INFO 79580 --- [pocketsiem-backend] [           main] .s.d.r.c.RepositoryConfigurationDelegate : Bootstrapping Spring Data JPA repositories in DEFAULT mode.
2025-12-26T23:38:53.427+05:30  INFO 79580 --- [pocketsiem-backend] [           main] .s.d.r.c.RepositoryConfigurationDelegate : Finished Spring Data repository scanning in 65 ms. Found 1 JPA repository interface.
2025-12-26T23:38:53.965+05:30  INFO 79580 --- [pocketsiem-backend] [           main] o.hibernate.jpa.internal.util.LogHelper  : HHH000204: Processing PersistenceUnitInfo [name: default]
2025-12-26T23:38:54.029+05:30  INFO 79580 --- [pocketsiem-backend] [           main] org.hibernate.Version                    : HHH000412: Hibernate ORM core version 6.3.1.Final
2025-12-26T23:38:54.072+05:30  INFO 79580 --- [pocketsiem-backend] [           main] o.h.c.internal.RegionFactoryInitiator    : HHH000026: Second-level cache disabled
2025-12-26T23:38:54.275+05:30  INFO 79580 --- [pocketsiem-backend] [           main] o.s.o.j.p.SpringPersistenceUnitInfo      : No LoadTimeWeaver setup: ignoring JPA class transformer
2025-12-26T23:38:54.300+05:30  INFO 79580 --- [pocketsiem-backend] [           main] com.zaxxer.hikari.HikariDataSource       : HikariPool-1 - Starting...
2025-12-26T23:38:54.463+05:30  INFO 79580 --- [pocketsiem-backend] [           main] com.zaxxer.hikari.pool.HikariPool        : HikariPool-1 - Added connection conn0: url=jdbc:h2:mem:pocketsiem_db user=SA
2025-12-26T23:38:54.464+05:30  INFO 79580 --- [pocketsiem-backend] [           main] com.zaxxer.hikari.HikariDataSource       : HikariPool-1 - Start completed.
2025-12-26T23:38:54.478+05:30  WARN 79580 --- [pocketsiem-backend] [           main] org.hibernate.orm.deprecation            : HHH90000025: H2Dialect does not need to be specified explicitly using 'hibernate.dialect' (remove the property setting and it will be selected by default)
2025-12-26T23:38:54.844+05:30  INFO 79580 --- [pocketsiem-backend] [           main] o.h.e.t.j.p.i.JtaPlatformInitiator       : HHH000489: No JTA platform available (set 'hibernate.transaction.jta.platform' to enable JTA platform integration)
2025-12-26T23:38:54.860+05:30  INFO 79580 --- [pocketsiem-backend] [           main] j.LocalContainerEntityManagerFactoryBean : Initialized JPA EntityManagerFactory for persistence unit 'default'
2025-12-26T23:38:55.259+05:30  INFO 79580 --- [pocketsiem-backend] [           main] o.s.d.j.r.query.QueryEnhancerFactory     : Hibernate is in classpath; If applicable, HQL parser will be used.
2025-12-26T23:38:55.658+05:30  WARN 79580 --- [pocketsiem-backend] [           main] JpaBaseConfiguration$JpaWebConfiguration : spring.jpa.open-in-view is enabled by default. Therefore, database queries may be performed during view rendering. Explicitly configure spring.jpa.open-in-view to disable this warning
2025-12-26T23:38:55.707+05:30  WARN 79580 --- [pocketsiem-backend] [           main] .s.s.UserDetailsServiceAutoConfiguration : 

Using generated security password: a3560716-c40c-4180-8c17-6bf588bcaf2d

This generated password is for development use only. Your security configuration must be updated before running your application in production.

2025-12-26T23:38:56.268+05:30  INFO 79580 --- [pocketsiem-backend] [           main] o.s.b.a.e.web.EndpointLinksResolver      : Exposing 1 endpoint(s) beneath base path '/actuator'
2025-12-26T23:38:56.335+05:30  INFO 79580 --- [pocketsiem-backend] [           main] o.s.s.web.DefaultSecurityFilterChain     : Will secure any request with [org.springframework.security.web.session.DisableEncodeUrlFilter@3a089620, org.springframework.security.web.context.request.async.WebAsyncManagerIntegrationFilter@2cbb9702, org.springframework.security.web.context.SecurityContextHolderFilter@41cfcbb5, org.springframework.security.web.header.HeaderWriterFilter@71bb6009, org.springframework.web.filter.CorsFilter@10fef6da, org.springframework.security.web.authentication.logout.LogoutFilter@53d0cf4d, com.hackathon.pocketSIEM.security.ApiKeyFilter@123426a9, org.springframework.security.web.savedrequest.RequestCacheAwareFilter@64b262a7, org.springframework.security.web.servletapi.SecurityContextHolderAwareRequestFilter@27aa700, org.springframework.security.web.authentication.AnonymousAuthenticationFilter@1da77a43, org.springframework.security.web.session.SessionManagementFilter@3fe8d57a, org.springframework.security.web.access.ExceptionTranslationFilter@265d72fd, org.springframework.security.web.access.intercept.AuthorizationFilter@74a37c91]
2025-12-26T23:38:56.872+05:30  INFO 79580 --- [pocketsiem-backend] [           main] o.s.b.a.h2.H2ConsoleAutoConfiguration    : H2 console available at '/h2-console'. Database available at 'jdbc:h2:mem:pocketsiem_db'
2025-12-26T23:38:56.976+05:30  INFO 79580 --- [pocketsiem-backend] [           main] c.h.p.PocketSiemApplicationTests         : Started PocketSiemApplicationTests in 4.463 seconds (process running for 4.971)
]]></system-out>
  </testcase>
</testsuite>